2025-08-31 17:34:59,093 - __main__ - INFO - 銘柄リスト自動更新開始
2025-08-31 17:34:59,094 - stock_fetcher - INFO - 全指数の銘柄取得を開始
2025-08-31 17:34:59,094 - stock_fetcher - INFO - S&P500銘柄の取得を開始
2025-08-31 17:35:00,261 - stock_fetcher - INFO - S&P500銘柄取得完了: 503銘柄
2025-08-31 17:35:02,264 - stock_fetcher - INFO - NASDAQ100銘柄の取得を開始
2025-08-31 17:35:02,681 - stock_fetcher - ERROR - NASDAQ100銘柄テーブルが見つかりません
2025-08-31 17:35:02,682 - stock_fetcher - INFO - 日経225銘柄の取得を開始
2025-08-31 17:35:02,969 - stock_fetcher - ERROR - 日経225銘柄テーブルが見つかりません
2025-08-31 17:35:02,969 - stock_fetcher - INFO - 全指数銘柄取得完了: 合計503銘柄
2025-08-31 17:35:02,969 - stock_fetcher - INFO - SP500: 503銘柄
2025-08-31 17:35:02,969 - __main__ - INFO - 取得完了: 合計503銘柄
2025-08-31 17:35:02,970 - __main__ - INFO - SP500: 503銘柄
2025-08-31 17:35:02,970 - __main__ - INFO - 取得のみ実行のため終了
2025-08-31 17:41:55,745 - __main__ - INFO - 銘柄リスト自動更新開始
2025-08-31 17:41:55,745 - stock_fetcher - INFO - 全指数の銘柄取得を開始
2025-08-31 17:41:55,745 - stock_fetcher - INFO - S&P500銘柄の取得を開始
2025-08-31 17:41:56,832 - stock_fetcher - INFO - S&P500銘柄取得完了: 503銘柄
2025-08-31 17:41:58,858 - stock_fetcher - INFO - NASDAQ100銘柄の取得を開始
2025-08-31 17:41:59,272 - stock_fetcher - INFO - NASDAQ100銘柄取得完了: 101銘柄
2025-08-31 17:42:01,274 - stock_fetcher - INFO - 日経225銘柄の取得を開始
2025-08-31 17:42:01,557 - stock_fetcher - ERROR - 日経225銘柄テーブルが見つかりません
2025-08-31 17:42:01,557 - stock_fetcher - INFO - 日経225フォールバック銘柄: 81銘柄
2025-08-31 17:42:01,558 - stock_fetcher - INFO - 全指数銘柄取得完了: 合計685銘柄
2025-08-31 17:42:01,558 - stock_fetcher - INFO - SP500: 503銘柄
2025-08-31 17:42:01,558 - stock_fetcher - INFO - NASDAQ100: 101銘柄
2025-08-31 17:42:01,558 - stock_fetcher - INFO - NIKKEI225: 81銘柄
2025-08-31 17:42:01,558 - __main__ - INFO - 取得完了: 合計685銘柄
2025-08-31 17:42:01,559 - __main__ - INFO - SP500: 503銘柄
2025-08-31 17:42:01,559 - __main__ - INFO - NASDAQ100: 101銘柄
2025-08-31 17:42:01,559 - __main__ - INFO - NIKKEI225: 81銘柄
2025-08-31 17:42:01,559 - __main__ - INFO - 取得のみ実行のため終了
2025-08-31 17:42:07,121 - __main__ - INFO - 銘柄リスト自動更新開始
2025-08-31 17:42:07,121 - stock_fetcher - INFO - 全指数の銘柄取得を開始
2025-08-31 17:42:07,122 - stock_fetcher - INFO - S&P500銘柄の取得を開始
2025-08-31 17:42:08,205 - stock_fetcher - INFO - S&P500銘柄取得完了: 503銘柄
2025-08-31 17:42:10,212 - stock_fetcher - INFO - NASDAQ100銘柄の取得を開始
2025-08-31 17:42:10,667 - stock_fetcher - INFO - NASDAQ100銘柄取得完了: 101銘柄
2025-08-31 17:42:12,674 - stock_fetcher - INFO - 日経225銘柄の取得を開始
2025-08-31 17:42:12,965 - stock_fetcher - ERROR - 日経225銘柄テーブルが見つかりません
2025-08-31 17:42:12,965 - stock_fetcher - INFO - 日経225フォールバック銘柄: 81銘柄
2025-08-31 17:42:12,966 - stock_fetcher - INFO - 全指数銘柄取得完了: 合計685銘柄
2025-08-31 17:42:12,966 - stock_fetcher - INFO - SP500: 503銘柄
2025-08-31 17:42:12,966 - stock_fetcher - INFO - NASDAQ100: 101銘柄
2025-08-31 17:42:12,966 - stock_fetcher - INFO - NIKKEI225: 81銘柄
2025-08-31 17:42:12,966 - __main__ - INFO - 取得完了: 合計685銘柄
2025-08-31 17:42:12,967 - __main__ - INFO - SP500: 503銘柄
2025-08-31 17:42:12,967 - __main__ - INFO - NASDAQ100: 101銘柄
2025-08-31 17:42:12,967 - __main__ - INFO - NIKKEI225: 81銘柄
2025-08-31 17:42:12,967 - __main__ - INFO - 既存ファイルとマージを実行
2025-08-31 17:42:12,985 - stock_fetcher - INFO - 既存銘柄読み込み: 246銘柄
2025-08-31 17:42:13,011 - stock_fetcher - INFO - 銘柄リストマージ完了: index_stocks_merged.csv
2025-08-31 17:42:13,012 - stock_fetcher - INFO - 既存銘柄: 246銘柄
2025-08-31 17:42:13,012 - stock_fetcher - INFO - 新規銘柄: 495銘柄
2025-08-31 17:42:13,012 - stock_fetcher - INFO - 合計銘柄: 741銘柄
2025-08-31 17:42:13,012 - __main__ - INFO - 銘柄リスト更新完了: index_stocks_merged.csv
2025-08-31 17:42:13,022 - __main__ - INFO - === 最終統計 ===
2025-08-31 17:42:13,022 - __main__ - INFO - SP500: 474銘柄
2025-08-31 17:42:13,023 - __main__ - INFO - NIKKEI225: 164銘柄
2025-08-31 17:42:13,023 - __main__ - INFO - NASDAQ100: 103銘柄
2025-08-31 17:42:13,023 - __main__ - INFO - 合計: 741銘柄
2025-08-31 20:53:42,965 - __main__ - INFO - 銘柄リスト自動更新開始
2025-08-31 20:53:42,966 - stock_fetcher - INFO - 全指数の銘柄取得を開始
2025-08-31 20:53:42,966 - stock_fetcher - INFO - S&P500銘柄の取得を開始
2025-08-31 20:53:44,078 - stock_fetcher - INFO - S&P500銘柄取得完了: 503銘柄
2025-08-31 20:53:46,083 - stock_fetcher - INFO - NASDAQ100銘柄の取得を開始
2025-08-31 20:53:46,506 - stock_fetcher - INFO - NASDAQ100銘柄取得完了: 101銘柄
2025-08-31 20:53:48,510 - stock_fetcher - INFO - 日経225銘柄の取得を開始
2025-08-31 20:53:48,792 - stock_fetcher - ERROR - 日経225銘柄テーブルが見つかりません
2025-08-31 20:53:48,793 - stock_fetcher - INFO - 日経225フォールバック銘柄: 81銘柄
2025-08-31 20:53:48,798 - stock_fetcher - INFO - 全指数銘柄取得完了: 合計685銘柄
2025-08-31 20:53:48,798 - stock_fetcher - INFO - SP500: 503銘柄
2025-08-31 20:53:48,798 - stock_fetcher - INFO - NASDAQ100: 101銘柄
2025-08-31 20:53:48,799 - stock_fetcher - INFO - NIKKEI225: 81銘柄
2025-08-31 20:53:48,799 - __main__ - INFO - 取得完了: 合計685銘柄
2025-08-31 20:53:48,799 - __main__ - INFO - SP500: 503銘柄
2025-08-31 20:53:48,799 - __main__ - INFO - NASDAQ100: 101銘柄
2025-08-31 20:53:48,799 - __main__ - INFO - NIKKEI225: 81銘柄
2025-08-31 20:53:48,800 - __main__ - INFO - 取得のみ実行のため終了
2025-08-31 20:58:09,682 - __main__ - INFO - 銘柄リスト自動更新開始
2025-08-31 20:58:09,682 - stock_fetcher - INFO - 全指数の銘柄取得を開始
2025-08-31 20:58:09,682 - stock_fetcher - INFO - S&P500銘柄の取得を開始
2025-08-31 20:58:10,822 - stock_fetcher - INFO - S&P500銘柄取得完了: 503銘柄
2025-08-31 20:58:12,837 - stock_fetcher - INFO - NASDAQ100銘柄の取得を開始
2025-08-31 20:58:13,279 - stock_fetcher - INFO - NASDAQ100銘柄取得完了: 101銘柄
2025-08-31 20:58:15,291 - stock_fetcher - INFO - 日経225銘柄の取得を開始
2025-08-31 20:58:15,582 - stock_fetcher - ERROR - 日経225銘柄テーブルが見つかりません
2025-08-31 20:58:15,582 - stock_fetcher - INFO - 日経225フォールバック銘柄: 81銘柄
2025-08-31 20:58:15,583 - stock_fetcher - INFO - 全指数銘柄取得完了: 合計685銘柄
2025-08-31 20:58:15,583 - stock_fetcher - INFO - SP500: 503銘柄
2025-08-31 20:58:15,583 - stock_fetcher - INFO - NASDAQ100: 101銘柄
2025-08-31 20:58:15,583 - stock_fetcher - INFO - NIKKEI225: 81銘柄
2025-08-31 20:58:15,584 - __main__ - INFO - 取得完了: 合計685銘柄
2025-08-31 20:58:15,584 - __main__ - INFO - SP500: 503銘柄
2025-08-31 20:58:15,584 - __main__ - INFO - NASDAQ100: 101銘柄
2025-08-31 20:58:15,584 - __main__ - INFO - NIKKEI225: 81銘柄
2025-08-31 20:58:15,584 - __main__ - INFO - 既存ファイルとマージを実行
2025-08-31 20:58:15,618 - stock_fetcher - INFO - 既存銘柄読み込み: 741銘柄
2025-08-31 20:58:15,628 - stock_fetcher - INFO - 銘柄リストマージ完了: index_stocks_merged.csv
2025-08-31 20:58:15,628 - stock_fetcher - INFO - 既存銘柄: 741銘柄
2025-08-31 20:58:15,628 - stock_fetcher - INFO - 新規銘柄: 0銘柄
2025-08-31 20:58:15,628 - stock_fetcher - INFO - 合計銘柄: 741銘柄
2025-08-31 20:58:15,629 - __main__ - INFO - 銘柄リスト更新完了: index_stocks_merged.csv
2025-08-31 20:58:15,648 - __main__ - INFO - === 最終統計 ===
2025-08-31 20:58:15,648 - __main__ - INFO - SP500: 474銘柄
2025-08-31 20:58:15,648 - __main__ - INFO - NIKKEI225: 164銘柄
2025-08-31 20:58:15,648 - __main__ - INFO - NASDAQ100: 103銘柄
2025-08-31 20:58:15,649 - __main__ - INFO - 合計: 741銘柄
